[ 2025-04-19 13:12:25,551 ] root - INFO - Entered the read_yaml file method of mainutils class
[ 2025-04-19 13:12:25,675 ] root - INFO - Entered the read_yaml file method of mainutils class
[ 2025-04-19 13:12:25,709 ] root - INFO - Entered the read_yaml file method of mainutils class
[ 2025-04-19 13:12:25,716 ] root - INFO - Entered the run_pipeline method of TrainPipeline class
[ 2025-04-19 13:12:25,716 ] root - INFO - Entered the start_data_ingestion method of TrainPipeline class
[ 2025-04-19 13:12:25,716 ] root - INFO - Getting the data from mongodb
[ 2025-04-19 13:12:25,716 ] root - INFO - Entered initiate_data_ingestion method of Data_Ingestion class
[ 2025-04-19 13:12:25,716 ] root - INFO - Entered get_data_from_mongodb method of Data_Ingestion class
[ 2025-04-19 13:12:25,716 ] root - INFO - Getting the dataframe from mongodb
[ 2025-04-19 13:12:25,716 ] root - INFO - Entered get_collection_as_dataframe method of MongoDB_Operation class
[ 2025-04-19 13:12:25,717 ] root - INFO - Entered get_database method of MongoDB_Operation class
[ 2025-04-19 13:12:25,717 ] root - INFO - Created shipping database in MongoDB
[ 2025-04-19 13:12:25,717 ] root - INFO - Exited get_database method MongoDB_Operation class
[ 2025-04-19 13:12:26,645 ] root - INFO - Converted collection to dataframe
[ 2025-04-19 13:12:26,646 ] root - INFO - Exited get_collection_as_dataframe method of MongoDB_Operation class
[ 2025-04-19 13:12:26,646 ] root - INFO - Got the dataframe from mongodb
[ 2025-04-19 13:12:26,646 ] root - INFO - Exited the get_data_from_mongodb method of Data_Ingestion class
[ 2025-04-19 13:12:26,650 ] root - INFO - Got the data from mongodb
[ 2025-04-19 13:12:26,650 ] root - INFO - Entered split_data_as_train_test method of Data_Ingestion class
[ 2025-04-19 13:12:26,652 ] root - INFO - Performed train test split on the dataframe
[ 2025-04-19 13:12:26,653 ] root - INFO - Created Train directory.
[ 2025-04-19 13:12:26,653 ] root - INFO - Created Test directory.
[ 2025-04-19 13:12:26,672 ] root - INFO - Converted Train Dataframe and Test Dataframe into csv
[ 2025-04-19 13:12:26,673 ] root - INFO - Saved train.csv,                 test.csv in                     DataIngestionArtifacts.
[ 2025-04-19 13:12:26,673 ] root - INFO - Exited split_data_as_train_test method of Data_Ingestion class
[ 2025-04-19 13:12:26,673 ] root - INFO - Exited initiate_data_ingestion method of Data_Ingestion class
[ 2025-04-19 13:12:26,675 ] root - INFO - Got the train_set and test_set from mongodb
[ 2025-04-19 13:12:26,675 ] root - INFO - Exited the start_data_ingestion method of TrainPipeline class
[ 2025-04-19 13:12:26,675 ] root - INFO - Entered the start_data_validation method of TrainPipeline class
[ 2025-04-19 13:12:26,675 ] root - INFO - Entered initiate_data_validation method of Data_Validation class
[ 2025-04-19 13:12:26,683 ] root - INFO - Initiated data validation for the dataset
[ 2025-04-19 13:12:26,683 ] root - INFO - Created Artifacts directory for DataValidationArtifacts
[ 2025-04-19 13:12:26,767 ] root - INFO - Entered the write_json_to_yaml_file method of MainUtils class
[ 2025-04-19 13:12:26,782 ] root - INFO - Entered validate_dataset_schema_columns method of Data_Validation class
[ 2025-04-19 13:12:26,782 ] root - INFO - Validating dataset schema columns
[ 2025-04-19 13:12:26,782 ] root - INFO - Validated dataset schema columns on the train set
[ 2025-04-19 13:12:26,782 ] root - INFO - Validated dataset schema columns on the test set
[ 2025-04-19 13:12:26,782 ] root - INFO - Validated dataset schema columns
[ 2025-04-19 13:12:26,782 ] root - INFO - Schema train cols status is False and schema test cols status is False
[ 2025-04-19 13:12:26,782 ] root - INFO - Entered validate_dataset_schema_for_numerical_datatype method of Data_Validation class
[ 2025-04-19 13:12:26,782 ] root - INFO - Validating dataset schema for categorical datatype
[ 2025-04-19 13:12:26,782 ] root - INFO - Categorical column - Customer Id not found in dataframe
[ 2025-04-19 13:12:26,782 ] root - INFO - Categorical column - Artist Name not found in dataframe
[ 2025-04-19 13:12:26,782 ] root - INFO - Categorical column - Scheduled Date not found in dataframe
[ 2025-04-19 13:12:26,782 ] root - INFO - Categorical column - Delivery Date not found in dataframe
[ 2025-04-19 13:12:26,782 ] root - INFO - Categorical column - Customer Location not found in dataframe
[ 2025-04-19 13:12:26,782 ] root - INFO - Validated dataset schema for categorical datatype for train set
[ 2025-04-19 13:12:26,782 ] root - INFO - Categorical column - Customer Id not found in dataframe
[ 2025-04-19 13:12:26,782 ] root - INFO - Categorical column - Artist Name not found in dataframe
[ 2025-04-19 13:12:26,782 ] root - INFO - Categorical column - Scheduled Date not found in dataframe
[ 2025-04-19 13:12:26,782 ] root - INFO - Categorical column - Delivery Date not found in dataframe
[ 2025-04-19 13:12:26,782 ] root - INFO - Categorical column - Customer Location not found in dataframe
[ 2025-04-19 13:12:26,782 ] root - INFO - Validated dataset schema for categorical datatype for test set
[ 2025-04-19 13:12:26,782 ] root - INFO - Exited validate_dataset_schema_for_categorical_datatype method of Data_Validation class
[ 2025-04-19 13:12:26,782 ] root - INFO - Schema train cat cols status is True and schema test cat cols status is True
[ 2025-04-19 13:12:26,782 ] root - INFO - Entered validate_dataset_schema_for_numerical_datatype method of Data_Validation class
[ 2025-04-19 13:12:26,782 ] root - INFO - Validating dataset schema for numerical datatype
[ 2025-04-19 13:12:26,782 ] root - INFO - Validated dataset schema for numerical datatype for train set
[ 2025-04-19 13:12:26,782 ] root - INFO - Validated dataset schema for numerical datatype for test set
[ 2025-04-19 13:12:26,782 ] root - INFO - Exited validate_dataset_schema_for_numerical_datatype method of Data_Validation class
[ 2025-04-19 13:12:26,782 ] root - INFO - Schema train numerical cols status is True and schema test numerical cols status is True
[ 2025-04-19 13:12:26,783 ] root - INFO - Performed the data validation operation
[ 2025-04-19 13:12:26,783 ] root - INFO - Exited the start_data_validation method of TrainPipeline class
[ 2025-04-19 13:12:26,783 ] root - INFO - Entered the start_data_transformation method of TrainPipeline class
[ 2025-04-19 13:12:26,791 ] root - INFO - Entered initiate_data_transformation method of Data_Transformation class
[ 2025-04-19 13:12:26,791 ] root - INFO - Created artifacts directory for DataTransformationArtifacts
[ 2025-04-19 13:12:26,791 ] root - INFO - Entered get_data_transformer_object method of Data_Ingestion class
[ 2025-04-19 13:12:26,791 ] root - INFO - Got numerical cols,one hot cols,binary cols from schema config
[ 2025-04-19 13:12:26,791 ] root - INFO - Created preprocessor object from ColumnTransformer
[ 2025-04-19 13:12:26,791 ] root - INFO - Exited get_data_transformer_object method of Data_Ingestion class
[ 2025-04-19 13:12:26,791 ] root - INFO - Got the preprocessor object
[ 2025-04-19 13:12:26,791 ] root - INFO - Got target column name and numerical columns from schema config
[ 2025-04-19 13:12:26,792 ] root - INFO - Got a list of continuous_columns
[ 2025-04-19 13:12:26,792 ] root - INFO - Entered _outlier_capping method of Data_Transformation class
[ 2025-04-19 13:12:26,792 ] root - INFO - Performing _outlier_capping for columns in the dataframe
[ 2025-04-19 13:12:26,793 ] root - INFO - Performed _outlier_capping method of Data_Transformation class
[ 2025-04-19 13:12:26,793 ] root - INFO - Exited _outlier_capping method of Data_Transformation class
[ 2025-04-19 13:12:26,793 ] root - INFO - Entered _outlier_capping method of Data_Transformation class
[ 2025-04-19 13:12:26,793 ] root - INFO - Performing _outlier_capping for columns in the dataframe
[ 2025-04-19 13:12:26,795 ] root - INFO - Performed _outlier_capping method of Data_Transformation class
[ 2025-04-19 13:12:26,795 ] root - INFO - Exited _outlier_capping method of Data_Transformation class
[ 2025-04-19 13:12:26,795 ] root - INFO - Entered _outlier_capping method of Data_Transformation class
[ 2025-04-19 13:12:26,795 ] root - INFO - Performing _outlier_capping for columns in the dataframe
[ 2025-04-19 13:12:26,796 ] root - INFO - Performed _outlier_capping method of Data_Transformation class
[ 2025-04-19 13:12:26,796 ] root - INFO - Exited _outlier_capping method of Data_Transformation class
[ 2025-04-19 13:12:26,796 ] root - INFO - Entered _outlier_capping method of Data_Transformation class
[ 2025-04-19 13:12:26,796 ] root - INFO - Performing _outlier_capping for columns in the dataframe
[ 2025-04-19 13:12:26,797 ] root - INFO - Performed _outlier_capping method of Data_Transformation class
[ 2025-04-19 13:12:26,797 ] root - INFO - Exited _outlier_capping method of Data_Transformation class
[ 2025-04-19 13:12:26,797 ] root - INFO - Entered _outlier_capping method of Data_Transformation class
[ 2025-04-19 13:12:26,797 ] root - INFO - Performing _outlier_capping for columns in the dataframe
[ 2025-04-19 13:12:26,798 ] root - INFO - Performed _outlier_capping method of Data_Transformation class
[ 2025-04-19 13:12:26,798 ] root - INFO - Exited _outlier_capping method of Data_Transformation class
[ 2025-04-19 13:12:26,798 ] root - INFO - Entered _outlier_capping method of Data_Transformation class
[ 2025-04-19 13:12:26,798 ] root - INFO - Performing _outlier_capping for columns in the dataframe
[ 2025-04-19 13:12:26,799 ] root - INFO - Performed _outlier_capping method of Data_Transformation class
[ 2025-04-19 13:12:26,799 ] root - INFO - Exited _outlier_capping method of Data_Transformation class
[ 2025-04-19 13:12:26,799 ] root - INFO - Outlier capped in train df
[ 2025-04-19 13:12:26,799 ] root - INFO - Entered _outlier_capping method of Data_Transformation class
[ 2025-04-19 13:12:26,799 ] root - INFO - Performing _outlier_capping for columns in the dataframe
[ 2025-04-19 13:12:26,800 ] root - INFO - Performed _outlier_capping method of Data_Transformation class
[ 2025-04-19 13:12:26,800 ] root - INFO - Exited _outlier_capping method of Data_Transformation class
[ 2025-04-19 13:12:26,800 ] root - INFO - Entered _outlier_capping method of Data_Transformation class
[ 2025-04-19 13:12:26,800 ] root - INFO - Performing _outlier_capping for columns in the dataframe
[ 2025-04-19 13:12:26,801 ] root - INFO - Performed _outlier_capping method of Data_Transformation class
[ 2025-04-19 13:12:26,801 ] root - INFO - Exited _outlier_capping method of Data_Transformation class
[ 2025-04-19 13:12:26,801 ] root - INFO - Entered _outlier_capping method of Data_Transformation class
[ 2025-04-19 13:12:26,801 ] root - INFO - Performing _outlier_capping for columns in the dataframe
[ 2025-04-19 13:12:26,802 ] root - INFO - Performed _outlier_capping method of Data_Transformation class
[ 2025-04-19 13:12:26,802 ] root - INFO - Exited _outlier_capping method of Data_Transformation class
[ 2025-04-19 13:12:26,802 ] root - INFO - Entered _outlier_capping method of Data_Transformation class
[ 2025-04-19 13:12:26,802 ] root - INFO - Performing _outlier_capping for columns in the dataframe
[ 2025-04-19 13:12:26,803 ] root - INFO - Performed _outlier_capping method of Data_Transformation class
[ 2025-04-19 13:12:26,803 ] root - INFO - Exited _outlier_capping method of Data_Transformation class
[ 2025-04-19 13:12:26,803 ] root - INFO - Entered _outlier_capping method of Data_Transformation class
[ 2025-04-19 13:12:26,803 ] root - INFO - Performing _outlier_capping for columns in the dataframe
[ 2025-04-19 13:12:26,804 ] root - INFO - Performed _outlier_capping method of Data_Transformation class
[ 2025-04-19 13:12:26,804 ] root - INFO - Exited _outlier_capping method of Data_Transformation class
[ 2025-04-19 13:12:26,804 ] root - INFO - Entered _outlier_capping method of Data_Transformation class
[ 2025-04-19 13:12:26,804 ] root - INFO - Performing _outlier_capping for columns in the dataframe
[ 2025-04-19 13:12:26,805 ] root - INFO - Performed _outlier_capping method of Data_Transformation class
[ 2025-04-19 13:12:26,805 ] root - INFO - Exited _outlier_capping method of Data_Transformation class
[ 2025-04-19 13:12:26,805 ] root - INFO - Outlier capped in test df
[ 2025-04-19 13:12:26,806 ] root - INFO - Got train features and test feature
[ 2025-04-19 13:12:26,827 ] root - INFO - Used the preprocessor object to transform the test features
[ 2025-04-19 13:12:26,827 ] root - INFO - Created train array.
[ 2025-04-19 13:12:26,827 ] root - INFO - Entered the save_numpy_array_data method of MainUtils Class
[ 2025-04-19 13:12:26,828 ] root - INFO - Exited the save_numpy_array_data method of MainUtils class
[ 2025-04-19 13:12:26,828 ] root - INFO - Saved train array to DataTransformationArtifacts
[ 2025-04-19 13:12:26,828 ] root - INFO - Created test array.
[ 2025-04-19 13:12:26,828 ] root - INFO - Entered the save_numpy_array_data method of MainUtils Class
[ 2025-04-19 13:12:26,828 ] root - INFO - Exited the save_numpy_array_data method of MainUtils class
[ 2025-04-19 13:12:26,828 ] root - INFO - Saved test array to DataTransformationArtifacts
[ 2025-04-19 13:12:26,828 ] root - INFO - Entered the save_object method of MainUtils class
[ 2025-04-19 13:12:26,831 ] root - INFO - Exited the save_object method of MainUtils class
[ 2025-04-19 13:12:26,832 ] root - INFO - Saved the preprocessor object in DataTransformation artifacts directory.
[ 2025-04-19 13:12:26,832 ] root - INFO - Exited initiate_data_transformation method of Data_Transformation class
[ 2025-04-19 13:12:26,832 ] root - INFO - Exited the start_data_transformation method of TrainPipeline class
[ 2025-04-19 13:12:26,832 ] root - INFO - Entered initiate_model_trainer nethod of ModelTrainer class
[ 2025-04-19 13:12:26,832 ] root - INFO - Created artifacts directory for DataTransformationArtifacts
[ 2025-04-19 13:12:26,832 ] root - INFO - Entered the load_numpy_array_data method of MainUtils class
